TN:
SF:/home/p/Рабочий стол/Policaika/workspace/reports/lab05/banking/Account.cpp
FNL:0,10,10
FNA:0,6,_ZNK7Account10GetBalanceEv
FNL:1,12,15
FNA:1,6,_ZN7Account13ChangeBalanceEi
FNL:2,17,20
FNA:2,15,_ZN7Account4LockEv
FNL:3,22,22
FNA:3,3,_ZN7Account6UnlockEv
FNL:4,5,6
FNA:4,66,_ZN7AccountC2Eii
FNL:5,8,8
FNA:5,18,_ZN7AccountD0Ev
FNA:5,66,_ZN7AccountD2Ev
FNF:6
FNH:6
DA:5,66
DA:6,66
DA:8,84
DA:10,6
DA:12,6
DA:13,6
DA:14,3
DA:15,3
DA:17,15
DA:18,15
DA:19,12
DA:20,12
DA:22,3
LF:13
LH:13
end_of_record
TN:
SF:/home/p/Рабочий стол/Policaika/workspace/reports/lab05/banking/Transaction.cpp
FNL:0,12,12
FNA:0,12,_ZN12_GLOBAL__N_15GuardC2ER7Account
FNL:1,14,14
FNA:1,12,_ZN12_GLOBAL__N_15GuardD2Ev
FNL:2,21,21
FNA:2,24,_ZN11TransactionC2Ev
FNL:3,23,23
FNA:3,24,_ZN11TransactionD0Ev
FNA:3,24,_ZN11TransactionD2Ev
FNL:4,25,44
FNA:4,18,_ZN11Transaction4MakeER7AccountS1_i
FNL:5,46,49
FNA:5,6,_ZN11Transaction6CreditER7Accounti
FNL:6,51,58
FNA:6,6,_ZN11Transaction5DebitER7Accounti
FNL:7,60,65
FNA:7,6,_ZN11Transaction14SaveToDataBaseER7AccountS1_i
FNF:8
FNH:8
DA:12,12
DA:14,12
DA:21,24
DA:23,48
DA:25,18
DA:26,18
DA:28,15
DA:30,12
DA:32,9
DA:34,6
DA:35,6
DA:37,6
DA:39,6
DA:40,6
DA:42,6
DA:43,6
DA:44,6
DA:46,6
DA:47,6
DA:48,6
DA:49,6
DA:51,6
DA:52,6
DA:53,6
DA:54,3
DA:55,3
DA:57,3
DA:60,6
DA:61,6
DA:62,6
DA:63,6
DA:64,6
DA:65,6
LF:33
LH:33
end_of_record
